<?xml version="1.0" encoding="utf-8"?>
<shfbBuild product="Sandcastle Help File Builder and Tools" version="2016.5.28.0" projectFile="C:\Users\nguye\Documents\Visual Studio 2015\Projects\XMLHelp\Algs4Net.shfbproj" started="6/16/2016 1:46:17 PM">
<buildStep step="Initializing">
Finding tools...
The Sandcastle tools are located in &#39;C:\Program Files (x86)\EWSoftware\Sandcastle Help File Builder\&#39;
Locating components in the following folder(s):
    C:\Users\nguye\Documents\Visual Studio 2015\Projects\XMLHelp
    C:\ProgramData\EWSoftware\Sandcastle Help File Builder\Components and Plug-Ins\
    C:\Program Files (x86)\EWSoftware\Sandcastle Help File Builder\
Using framework reflection data for &#39;.NET Framework 4.0&#39; located in &#39;C:\Program Files (x86)\EWSoftware\Sandcastle Help File Builder\Data\.NETFramework&#39;
Using presentation style &#39;VS2013&#39; located in &#39;C:\Program Files (x86)\EWSoftware\Sandcastle Help File Builder\PresentationStyles\VS2013&#39;
Loading and initializing plug-ins...
Lightweight Website Style Version 2016.5.28.0
Copyright &#169; 2006-2016, Eric Woodruff, All Rights Reserved
Portions Copyright &#169; 2014, Sam Harwell, All Rights Reserved
-------------------------------
Clearing any prior web/markdown output...
</buildStep>
<buildStep step="ValidatingDocumentationSources">
Validating and copying documentation source information
Source: C:\Users\nguye\Documents\GitHub\Algs4Net\Algs4Net\bin\Debug\Algs4Net.XML
Source: C:\Users\nguye\Documents\GitHub\Algs4Net\Algs4Net\bin\Debug\Algs4Net.dll
    Found assembly &#39;C:\Users\nguye\Documents\GitHub\Algs4Net\Algs4Net\bin\Debug\Algs4Net.dll&#39;

Copying XML comments files
    C:\Users\nguye\Documents\GitHub\Algs4Net\Algs4Net\bin\Debug\Algs4Net.XML -&gt; C:\Users\nguye\Documents\Visual Studio 2015\Projects\XMLHelp\Help\Working\Algs4Net.XML
</buildStep>
<buildStep step="GenerateSharedContent">
Generating shared content files (en-US, English (United States))...
<plugIn name="Lightweight Website Style" behavior="After" priority="1000">
</plugIn>    Last step completed in 00:00:00.0156
</buildStep>
<buildStep step="GenerateApiFilter">
Generating API filter for MRefBuilder...
    Last step completed in 00:00:00.0313
</buildStep>
<buildStep step="GenerateReflectionInfo">
Generating reflection information...
[C:\Windows\Microsoft.NET\Framework64\v4.0.30319\MSBuild.exe - GenerateRefInfo.proj]
Build started 6/16/2016 1:46:18 PM.
Project &quot;C:\Users\nguye\Documents\Visual Studio 2015\Projects\XMLHelp\Help\Working\GenerateRefInfo.proj&quot; on node 1 (default targets).
Project file contains ToolsVersion=&quot;12.0&quot;. This toolset may be unknown or missing, in which case you may be able to resolve this by installing the appropriate version of MSBuild, or the build may have been forced to a particular ToolsVersion for policy reasons. Treating the project as if it had ToolsVersion=&quot;4.0&quot;. For more information, please see http://go.microsoft.com/fwlink/?LinkId=291333.
PrepareForBuild:
  Creating directory &quot;obj\Debug\&quot;.
GenerateRefInfo:
  MRefBuilder (v2016.5.28.0)
  Copyright c 2006-2016, Microsoft Corporation, All Rights Reserved.
  Portions Copyright c 2006-2016, Eric Woodruff, All Rights Reserved.
  Loaded 1 assemblies for reflection and 1 dependency assemblies.
  Wrote information on 1 namespaces, 169 types, and 1146 members
  Copying file from &quot;reflection.org&quot; to &quot;reflection.all&quot;.
  XslTransform (v2016.5.28.0)
  Copyright c 2006-2016, Microsoft Corporation, All Rights Reserved.
  Portions Copyright c 2006-2016, Eric Woodruff, All Rights Reserved.
  Applying XSL transformation &#39;C:\Program Files (x86)\EWSoftware\Sandcastle Help File Builder\ProductionTransforms\MergeDuplicates.xsl&#39;.
Done Building Project &quot;C:\Users\nguye\Documents\Visual Studio 2015\Projects\XMLHelp\Help\Working\GenerateRefInfo.proj&quot; (default targets).

Build succeeded.

Time Elapsed 00:00:01.20
    Last step completed in 00:00:01.3281
</buildStep>
<buildStep step="TransformReflectionInfo">
Transforming reflection output...
[C:\Windows\Microsoft.NET\Framework64\v4.0.30319\MSBuild.exe - TransformManifest.proj]
Build started 6/16/2016 1:46:20 PM.
Project &quot;C:\Users\nguye\Documents\Visual Studio 2015\Projects\XMLHelp\Help\Working\TransformManifest.proj&quot; on node 1 (default targets).
Project file contains ToolsVersion=&quot;12.0&quot;. This toolset may be unknown or missing, in which case you may be able to resolve this by installing the appropriate version of MSBuild, or the build may have been forced to a particular ToolsVersion for policy reasons. Treating the project as if it had ToolsVersion=&quot;4.0&quot;. For more information, please see http://go.microsoft.com/fwlink/?LinkId=291333.
TransformManifest:
  XslTransform (v2016.5.28.0)
  Copyright c 2006-2016, Microsoft Corporation, All Rights Reserved.
  Portions Copyright c 2006-2016, Eric Woodruff, All Rights Reserved.
  Applying XSL transformation &#39;C:\Program Files (x86)\EWSoftware\Sandcastle Help File Builder\\ProductionTransforms\ApplyVSDocModel.xsl&#39;.
  Copying file from &quot;reflection.xml&quot; to &quot;reflection.nofilenames&quot;.
  XslTransform (v2016.5.28.0)
  Copyright c 2006-2016, Microsoft Corporation, All Rights Reserved.
  Portions Copyright c 2006-2016, Eric Woodruff, All Rights Reserved.
  Applying XSL transformation &#39;C:\Program Files (x86)\EWSoftware\Sandcastle Help File Builder\ProductionTransforms\AddFilenames.xsl&#39;.
    Unique name M_Algs4Net_AdjMatrixEdgeWeightedDigraph__ctor_1 generated for M:Algs4Net.AdjMatrixEdgeWeightedDigraph.#ctor(System.Int32)
    Unique name M_Algs4Net_AdjMatrixEdgeWeightedDigraph__ctor_2 generated for M:Algs4Net.AdjMatrixEdgeWeightedDigraph.#ctor(System.Int32,System.Int32)
    Unique name M_Algs4Net_Alphabet__ctor_1 generated for M:Algs4Net.Alphabet.#ctor(System.String)
    Unique name M_Algs4Net_BasicVisual__ctor_1 generated for M:Algs4Net.BasicVisual.#ctor(Algs4Net.DrawingWindow)
    Unique name M_Algs4Net_BinaryInput_ReadChar_1 generated for M:Algs4Net.BinaryInput.ReadChar(System.Int32)
    Unique name M_Algs4Net_BinaryInput_ReadInt_1 generated for M:Algs4Net.BinaryInput.ReadInt(System.Int32)
    Unique name M_Algs4Net_BinaryOutput_Write_1 generated for M:Algs4Net.BinaryOutput.Write(System.Byte)
    Unique name M_Algs4Net_BinaryOutput_Write_2 generated for M:Algs4Net.BinaryOutput.Write(System.Char)
    Unique name M_Algs4Net_BinaryOutput_Write_3 generated for M:Algs4Net.BinaryOutput.Write(System.Char,System.Int32)
    Unique name M_Algs4Net_BinaryOutput_Write_4 generated for M:Algs4Net.BinaryOutput.Write(System.Double)
    Unique name M_Algs4Net_BinaryOutput_Write_5 generated for M:Algs4Net.BinaryOutput.Write(System.Int16)
    Unique name M_Algs4Net_BinaryOutput_Write_6 generated for M:Algs4Net.BinaryOutput.Write(System.Int32)
    Unique name M_Algs4Net_BinaryOutput_Write_7 generated for M:Algs4Net.BinaryOutput.Write(System.Int32,System.Int32)
    Unique name M_Algs4Net_BinaryOutput_Write_8 generated for M:Algs4Net.BinaryOutput.Write(System.Int64)
    Unique name M_Algs4Net_BinaryOutput_Write_9 generated for M:Algs4Net.BinaryOutput.Write(System.Single)
    Unique name M_Algs4Net_BinaryOutput_Write_10 generated for M:Algs4Net.BinaryOutput.Write(System.String)
    Unique name M_Algs4Net_BinaryOutput_Write_11 generated for M:Algs4Net.BinaryOutput.Write(System.String,System.Int32)
    Unique name M_Algs4Net_BinarySearchST_2__ctor_1 generated for M:Algs4Net.BinarySearchST`2.#ctor(System.Int32)
    Unique name M_Algs4Net_BinarySearchST_2_Keys_1 generated for M:Algs4Net.BinarySearchST`2.Keys(`0,`0)
    Unique name M_Algs4Net_BoyerMoore__ctor_1 generated for M:Algs4Net.BoyerMoore.#ctor(System.String)
    Unique name M_Algs4Net_BoyerMoore_Search_1 generated for M:Algs4Net.BoyerMoore.Search(System.String)
    Unique name M_Algs4Net_BreadthFirstDirectedPaths__ctor_1 generated for M:Algs4Net.BreadthFirstDirectedPaths.#ctor(Algs4Net.Digraph,System.Int32)
    Unique name M_Algs4Net_BreadthFirstPaths__ctor_1 generated for M:Algs4Net.BreadthFirstPaths.#ctor(Algs4Net.Graph,System.Int32)
    Unique name M_Algs4Net_BST_2_Keys_1 generated for M:Algs4Net.BST`2.Keys(`0,`0)
    Unique name M_Algs4Net_Date__ctor_1 generated for M:Algs4Net.Date.#ctor(System.String)
    Unique name M_Algs4Net_DepthFirstOrder__ctor_1 generated for M:Algs4Net.DepthFirstOrder.#ctor(Algs4Net.EdgeWeightedDigraph)
    Unique name M_Algs4Net_DepthFirstOrder_Post_1 generated for M:Algs4Net.DepthFirstOrder.Post(System.Int32)
    Unique name M_Algs4Net_DepthFirstOrder_Pre_1 generated for M:Algs4Net.DepthFirstOrder.Pre(System.Int32)
    Unique name M_Algs4Net_Digraph__ctor_1 generated for M:Algs4Net.Digraph.#ctor(Algs4Net.TextInput)
    Unique name M_Algs4Net_Digraph__ctor_2 generated for M:Algs4Net.Digraph.#ctor(System.Int32)
    Unique name M_Algs4Net_Digraph_AddEdge_1 generated for M:Algs4Net.Digraph.AddEdge(System.Int32,System.Int32)
    Unique name M_Algs4Net_DigraphGenerator_Simple_1 generated for M:Algs4Net.DigraphGenerator.Simple(System.Int32,System.Int32)
    Unique name M_Algs4Net_DirectedDFS__ctor_1 generated for M:Algs4Net.DirectedDFS.#ctor(Algs4Net.Digraph,System.Int32)
    Unique name M_Algs4Net_DrawingWindow_Clear_1 generated for M:Algs4Net.DrawingWindow.Clear(System.Windows.Media.Color)
    Unique name M_Algs4Net_DrawingWindow_DrawEllipse_1 generated for M:Algs4Net.DrawingWindow.DrawEllipse(System.Windows.Media.DrawingVisual,System.Double,System.Double,System.Double,System.Double)
    Unique name M_Algs4Net_DrawingWindow_DrawFilledCircle_1 generated for M:Algs4Net.DrawingWindow.DrawFilledCircle(System.Windows.Media.DrawingVisual,System.Double,System.Double,System.Double)
    Unique name M_Algs4Net_DrawingWindow_DrawFilledEllipse_1 generated for M:Algs4Net.DrawingWindow.DrawFilledEllipse(System.Windows.Media.DrawingVisual,System.Double,System.Double,System.Double,System.Double)
    Unique name M_Algs4Net_DrawingWindow_DrawLine_1 generated for M:Algs4Net.DrawingWindow.DrawLine(System.Windows.Media.DrawingVisual,System.Double,System.Double,System.Double,System.Double)
    Unique name M_Algs4Net_DrawingWindow_DrawPicture_1 generated for M:Algs4Net.DrawingWindow.DrawPicture(System.Double,System.Double,System.String,System.Double,System.Double,System.Double)
    Unique name M_Algs4Net_DrawingWindow_DrawText_1 generated for M:Algs4Net.DrawingWindow.DrawText(System.Double,System.Double,System.String,System.Double,System.Double,System.Boolean)
    Unique name M_Algs4Net_DrawingWindow_SetCanvasSize_1 generated for M:Algs4Net.DrawingWindow.SetCanvasSize(System.Int32,System.Int32)
    Unique name M_Algs4Net_DrawingWindow_SetFont_1 generated for M:Algs4Net.DrawingWindow.SetFont(System.Windows.Media.FontFamily)
    Unique name M_Algs4Net_DrawingWindow_SetPenColor_1 generated for M:Algs4Net.DrawingWindow.SetPenColor(System.Int32,System.Int32,System.Int32)
    Unique name M_Algs4Net_DrawingWindow_SetPenColor_2 generated for M:Algs4Net.DrawingWindow.SetPenColor(System.Windows.Media.Color)
    Unique name M_Algs4Net_DrawingWindow_SetPenThickness_1 generated for M:Algs4Net.DrawingWindow.SetPenThickness(System.Double)
    Unique name M_Algs4Net_Edge__ctor_1 generated for M:Algs4Net.Edge.#ctor(System.Int32,System.Int32,System.Double)
    Unique name M_Algs4Net_EdgeWeightedDigraph__ctor_1 generated for M:Algs4Net.EdgeWeightedDigraph.#ctor(Algs4Net.TextInput)
    Unique name M_Algs4Net_EdgeWeightedDigraph__ctor_2 generated for M:Algs4Net.EdgeWeightedDigraph.#ctor(System.Int32)
    Unique name M_Algs4Net_EdgeWeightedDigraph__ctor_3 generated for M:Algs4Net.EdgeWeightedDigraph.#ctor(System.Int32,System.Int32)
    Unique name M_Algs4Net_EdgeWeightedGraph__ctor_1 generated for M:Algs4Net.EdgeWeightedGraph.#ctor(System.Int32)
    Unique name M_Algs4Net_EdgeWeightedGraph__ctor_2 generated for M:Algs4Net.EdgeWeightedGraph.#ctor(System.Int32,System.Int32)
    Unique name M_Algs4Net_FlowEdge__ctor_1 generated for M:Algs4Net.FlowEdge.#ctor(System.Int32,System.Int32,System.Double)
    Unique name M_Algs4Net_FlowEdge__ctor_2 generated for M:Algs4Net.FlowEdge.#ctor(System.Int32,System.Int32,System.Double,System.Double)
    Unique name M_Algs4Net_FlowNetwork__ctor_1 generated for M:Algs4Net.FlowNetwork.#ctor(System.Int32)
    Unique name M_Algs4Net_FlowNetwork__ctor_2 generated for M:Algs4Net.FlowNetwork.#ctor(System.Int32,System.Int32)
    Unique name M_Algs4Net_Graph__ctor_1 generated for M:Algs4Net.Graph.#ctor(Algs4Net.TextInput)
    Unique name M_Algs4Net_Graph__ctor_2 generated for M:Algs4Net.Graph.#ctor(System.Int32)
    Unique name M_Algs4Net_Graph_AddEdge_1 generated for M:Algs4Net.Graph.AddEdge(System.Int32,System.Int32)
    Unique name M_Algs4Net_GraphGenerator_Bipartite_1 generated for M:Algs4Net.GraphGenerator.Bipartite(System.Int32,System.Int32,System.Int32)
    Unique name M_Algs4Net_GraphGenerator_Simple_1 generated for M:Algs4Net.GraphGenerator.Simple(System.Int32,System.Int32)
    Unique name M_Algs4Net_Insertion_Sort_1 generated for M:Algs4Net.Insertion.Sort(System.IComparable[],System.Int32,System.Int32)
    Unique name M_Algs4Net_Insertion_Sort_2 generated for M:Algs4Net.Insertion.Sort(System.Object[],System.Collections.Comparer)
    Unique name M_Algs4Net_KMP__ctor_1 generated for M:Algs4Net.KMP.#ctor(System.String)
    Unique name M_Algs4Net_KMP_Search_1 generated for M:Algs4Net.KMP.Search(System.String)
    Unique name M_Algs4Net_LinearProbingHashST_2__ctor_1 generated for M:Algs4Net.LinearProbingHashST`2.#ctor(System.Int32)
    Unique name M_Algs4Net_LSD_Sort_1 generated for M:Algs4Net.LSD.Sort(System.String[],System.Int32)
    Unique name M_Algs4Net_MaxPQ_1__ctor_1 generated for M:Algs4Net.MaxPQ`1.#ctor(System.Collections.Generic.Comparer{`0})
    Unique name M_Algs4Net_MaxPQ_1__ctor_2 generated for M:Algs4Net.MaxPQ`1.#ctor(System.Int32)
    Unique name M_Algs4Net_MaxPQ_1__ctor_3 generated for M:Algs4Net.MaxPQ`1.#ctor(System.Int32,System.Collections.Generic.Comparer{`0})
    Unique name M_Algs4Net_MaxPQ_1__ctor_4 generated for M:Algs4Net.MaxPQ`1.#ctor(`0[])
    Unique name M_Algs4Net_MinPQ_1__ctor_1 generated for M:Algs4Net.MinPQ`1.#ctor(System.Collections.Generic.Comparer{`0})
    Unique name M_Algs4Net_MinPQ_1__ctor_2 generated for M:Algs4Net.MinPQ`1.#ctor(System.Int32)
    Unique name M_Algs4Net_MinPQ_1__ctor_3 generated for M:Algs4Net.MinPQ`1.#ctor(System.Int32,System.Collections.Generic.Comparer{`0})
    Unique name M_Algs4Net_MinPQ_1__ctor_4 generated for M:Algs4Net.MinPQ`1.#ctor(`0[])
    Unique name M_Algs4Net_MSD_Sort_1 generated for M:Algs4Net.MSD.Sort(System.String[])
    Unique name M_Algs4Net_Particle__ctor_1 generated for M:Algs4Net.Particle.#ctor(Algs4Net.DrawingWindow)
    Unique name M_Algs4Net_RedBlackBST_2_Keys_1 generated for M:Algs4Net.RedBlackBST`2.Keys(`0,`0)
    Unique name M_Algs4Net_SeparateChainingHashST_2__ctor_1 generated for M:Algs4Net.SeparateChainingHashST`2.#ctor(System.Int32)
    Unique name M_Algs4Net_SET_1__ctor_1 generated for M:Algs4Net.SET`1.#ctor(Algs4Net.SET{`0})
    Unique name M_Algs4Net_SET_1__ctor_2 generated for M:Algs4Net.SET`1.#ctor(System.Collections.Generic.IEnumerable{`0})
    Unique name M_Algs4Net_SET_1_Equals_1 generated for M:Algs4Net.SET`1.Equals(System.Object)
    Unique name M_Algs4Net_SparseVector_Dot_1 generated for M:Algs4Net.SparseVector.Dot(System.Double[])
    Unique name M_Algs4Net_StdRandom_Bernoulli_1 generated for M:Algs4Net.StdRandom.Bernoulli(System.Double)
    Unique name M_Algs4Net_StdRandom_Discrete_1 generated for M:Algs4Net.StdRandom.Discrete(System.Int32[])
    Unique name M_Algs4Net_StdRandom_Gaussian_1 generated for M:Algs4Net.StdRandom.Gaussian(System.Double,System.Double)
    Unique name M_Algs4Net_StdRandom_Pareto_1 generated for M:Algs4Net.StdRandom.Pareto(System.Double)
    Unique name M_Algs4Net_StdRandom_Shuffle_1 generated for M:Algs4Net.StdRandom.Shuffle(System.Double[],System.Int32,System.Int32)
    Unique name M_Algs4Net_StdRandom_Shuffle_2 generated for M:Algs4Net.StdRandom.Shuffle(System.Int32[])
    Unique name M_Algs4Net_StdRandom_Shuffle_3 generated for M:Algs4Net.StdRandom.Shuffle(System.Int32[],System.Int32,System.Int32)
    Unique name M_Algs4Net_StdRandom_Shuffle_4 generated for M:Algs4Net.StdRandom.Shuffle(System.Object[])
    Unique name M_Algs4Net_StdRandom_Shuffle_5 generated for M:Algs4Net.StdRandom.Shuffle(System.Object[],System.Int32,System.Int32)
    Unique name M_Algs4Net_StdRandom_Uniform_1 generated for M:Algs4Net.StdRandom.Uniform(System.Double,System.Double)
    Unique name M_Algs4Net_StdRandom_Uniform_2 generated for M:Algs4Net.StdRandom.Uniform(System.Int32)
    Unique name M_Algs4Net_StdRandom_Uniform_3 generated for M:Algs4Net.StdRandom.Uniform(System.Int32,System.Int32)
    Unique name M_Algs4Net_TextInput__ctor_1 generated for M:Algs4Net.TextInput.#ctor(System.String)
    Unique name M_Algs4Net_Topological__ctor_1 generated for M:Algs4Net.Topological.#ctor(Algs4Net.EdgeWeightedDigraph)
    Unique name M_Algs4Net_TopologicalX__ctor_1 generated for M:Algs4Net.TopologicalX.#ctor(Algs4Net.EdgeWeightedDigraph)
    Unique name M_Algs4Net_Transaction__ctor_1 generated for M:Algs4Net.Transaction.#ctor(System.String,System.DateTime,System.Double)
    Unique name M_Algs4Net_TrieSET__ctor_1 generated for M:Algs4Net.TrieSET.#ctor(Algs4Net.Alphabet)
    Unique name M_Algs4Net_TrieST_1__ctor_1 generated for M:Algs4Net.TrieST`1.#ctor(Algs4Net.Alphabet)
    Unique name M_Algs4Net_Vector__ctor_1 generated for M:Algs4Net.Vector.#ctor(System.Int32)
  XslTransform (v2016.5.28.0)
  Copyright c 2006-2016, Microsoft Corporation, All Rights Reserved.
  Portions Copyright c 2006-2016, Eric Woodruff, All Rights Reserved.
  Applying XSL transformation &#39;C:\Program Files (x86)\EWSoftware\Sandcastle Help File Builder\ProductionTransforms\ReflectionToManifest.xsl&#39;.
Done Building Project &quot;C:\Users\nguye\Documents\Visual Studio 2015\Projects\XMLHelp\Help\Working\TransformManifest.proj&quot; (default targets).

Build succeeded.

Time Elapsed 00:00:01.01
    Last step completed in 00:00:01.1406
</buildStep>
<buildStep step="GenerateNamespaceSummaries">
Generating namespace summary information...
    Last step completed in 00:00:00.0625
</buildStep>
<buildStep step="CopyAdditionalContent">
Copying additional content files...
No additional content to copy
    Last step completed in 00:00:00.0000
</buildStep>
<buildStep step="MergeTablesOfContents">
Merging conceptual and additional tables of contents...
    Last step completed in 00:00:00.0000
</buildStep>
<buildStep step="GenerateIntermediateTableOfContents">
Generating intermediate table of contents file...
[C:\Windows\Microsoft.NET\Framework64\v4.0.30319\MSBuild.exe - GenerateIntermediateTOC.proj]
Build started 6/16/2016 1:46:21 PM.
Project &quot;C:\Users\nguye\Documents\Visual Studio 2015\Projects\XMLHelp\Help\Working\GenerateIntermediateTOC.proj&quot; on node 1 (default targets).
Project file contains ToolsVersion=&quot;12.0&quot;. This toolset may be unknown or missing, in which case you may be able to resolve this by installing the appropriate version of MSBuild, or the build may have been forced to a particular ToolsVersion for policy reasons. Treating the project as if it had ToolsVersion=&quot;4.0&quot;. For more information, please see http://go.microsoft.com/fwlink/?LinkId=291333.
GenerateIntermediateTOC:
  XslTransform (v2016.5.28.0)
  Copyright c 2006-2016, Microsoft Corporation, All Rights Reserved.
  Portions Copyright c 2006-2016, Eric Woodruff, All Rights Reserved.
  Applying XSL transformation &#39;C:\Program Files (x86)\EWSoftware\Sandcastle Help File Builder\\ProductionTransforms\CreateVSToc.xsl&#39;.
Done Building Project &quot;C:\Users\nguye\Documents\Visual Studio 2015\Projects\XMLHelp\Help\Working\GenerateIntermediateTOC.proj&quot; (default targets).

Build succeeded.

Time Elapsed 00:00:00.20
Generating conceptual content intermediate TOC file...
    Last step completed in 00:00:00.3281
</buildStep>
<buildStep step="CreateBuildAssemblerConfigs">
Creating Sandcastle configuration files...
    sandcastle.config
    Last step completed in 00:00:00.3125
</buildStep>
<buildStep step="MergeCustomConfigs">
Merging custom build component configurations
C:\Users\nguye\Documents\Visual Studio 2015\Projects\XMLHelp\Help\Working\sandcastle.config
  Updating reference topic configurations.
  No conceptual content.  Removing conceptual content components.
    Last step completed in 00:00:00.0000
</buildStep>
<buildStep step="BuildTopics">
Building help topics...
[C:\Windows\Microsoft.NET\Framework64\v4.0.30319\MSBuild.exe - BuildTopics.proj]
Build started 6/16/2016 1:46:22 PM.
Project &quot;C:\Users\nguye\Documents\Visual Studio 2015\Projects\XMLHelp\Help\Working\BuildTopics.proj&quot; on node 1 (default targets).
Project file contains ToolsVersion=&quot;12.0&quot;. This toolset may be unknown or missing, in which case you may be able to resolve this by installing the appropriate version of MSBuild, or the build may have been forced to a particular ToolsVersion for policy reasons. Treating the project as if it had ToolsVersion=&quot;4.0&quot;. For more information, please see http://go.microsoft.com/fwlink/?LinkId=291333.
BuildTopics:
  BuildAssembler (v2016.5.28.0)
  Copyright c 2006-2016, Microsoft Corporation, All Rights Reserved.
  Portions Copyright c 2006-2016, Eric Woodruff, All Rights Reserved.
  Loading configuration...
  Processing topics...
  Processed 1648 topic(s)
  CopyFromIndexComponent: &quot;reflection&quot; in-memory cache entries used: 6 of 15.
  CopyFromIndexComponent: &quot;comments&quot; in-memory cache entries used: 1 of 30.
  SaveComponent: Waiting for the document writer task to finish (99 Website API file(s) remaining)...
Done Building Project &quot;C:\Users\nguye\Documents\Visual Studio 2015\Projects\XMLHelp\Help\Working\BuildTopics.proj&quot; (default targets).

Build succeeded.

Time Elapsed 00:00:26.18
    Last step completed in 00:00:26.3438
</buildStep>
<buildStep step="CombiningIntermediateTocFiles">
Combining conceptual and API intermediate TOC files...
    Last step completed in 00:00:00.0156
</buildStep>
<buildStep step="ExtractingHtmlInfo">
Extracting HTML info for HTML Help 1 and/or website...
[C:\Windows\Microsoft.NET\Framework64\v4.0.30319\MSBuild.exe - ExtractHtmlInfo.proj]
Project file contains ToolsVersion=&quot;12.0&quot;. This toolset may be unknown or missing, in which case you may be able to resolve this by installing the appropriate version of MSBuild, or the build may have been forced to a particular ToolsVersion for policy reasons. Treating the project as if it had ToolsVersion=&quot;4.0&quot;. For more information, please see http://go.microsoft.com/fwlink/?LinkId=291333.
Sandcastle Help File Builder and Tools, version 2016.5.28.0
Copyright c 2006-2016, Eric Woodruff, All Rights Reserved
E-Mail: Eric@EWoodruff.us

Using LCID &#39;1033&#39;, code page &#39;65001&#39;, encoding charset &#39;UTF-8&#39;.

Processing website files in C:\Users\nguye\Documents\Visual Studio 2015\Projects\XMLHelp\Help\Working\Output\Website
Processed 1648 HTML files
Sorting keywords and generating See Also indices
Saving website keyword index to C:\Users\nguye\Documents\Visual Studio 2015\Projects\XMLHelp\Help\Working\WebKI.xml
Saving website table of contents to C:\Users\nguye\Documents\Visual Studio 2015\Projects\XMLHelp\Help\Working\WebTOC.xml
    Last step completed in 00:00:04.3594
</buildStep>
<buildStep step="CopyStandardHelpContent">
Copying standard help content...
C:\Program Files (x86)\EWSoftware\Sandcastle Help File Builder\PresentationStyles\VS2013\icons\AlertCaution.png -&gt; C:\Users\nguye\Documents\Visual Studio 2015\Projects\XMLHelp\Help\Working\Output\Website\icons\AlertCaution.png
C:\Program Files (x86)\EWSoftware\Sandcastle Help File Builder\PresentationStyles\VS2013\icons\AlertNote.png -&gt; C:\Users\nguye\Documents\Visual Studio 2015\Projects\XMLHelp\Help\Working\Output\Website\icons\AlertNote.png
C:\Program Files (x86)\EWSoftware\Sandcastle Help File Builder\PresentationStyles\VS2013\icons\AlertSecurity.png -&gt; C:\Users\nguye\Documents\Visual Studio 2015\Projects\XMLHelp\Help\Working\Output\Website\icons\AlertSecurity.png
C:\Program Files (x86)\EWSoftware\Sandcastle Help File Builder\PresentationStyles\VS2013\icons\CFW.gif -&gt; C:\Users\nguye\Documents\Visual Studio 2015\Projects\XMLHelp\Help\Working\Output\Website\icons\CFW.gif
C:\Program Files (x86)\EWSoftware\Sandcastle Help File Builder\PresentationStyles\VS2013\icons\CodeExample.png -&gt; C:\Users\nguye\Documents\Visual Studio 2015\Projects\XMLHelp\Help\Working\Output\Website\icons\CodeExample.png
C:\Program Files (x86)\EWSoftware\Sandcastle Help File Builder\PresentationStyles\VS2013\icons\favicon.ico -&gt; C:\Users\nguye\Documents\Visual Studio 2015\Projects\XMLHelp\Help\Working\Output\Website\icons\favicon.ico
C:\Program Files (x86)\EWSoftware\Sandcastle Help File Builder\PresentationStyles\VS2013\icons\privclass.gif -&gt; C:\Users\nguye\Documents\Visual Studio 2015\Projects\XMLHelp\Help\Working\Output\Website\icons\privclass.gif
C:\Program Files (x86)\EWSoftware\Sandcastle Help File Builder\PresentationStyles\VS2013\icons\privdelegate.gif -&gt; C:\Users\nguye\Documents\Visual Studio 2015\Projects\XMLHelp\Help\Working\Output\Website\icons\privdelegate.gif
C:\Program Files (x86)\EWSoftware\Sandcastle Help File Builder\PresentationStyles\VS2013\icons\privenumeration.gif -&gt; C:\Users\nguye\Documents\Visual Studio 2015\Projects\XMLHelp\Help\Working\Output\Website\icons\privenumeration.gif
C:\Program Files (x86)\EWSoftware\Sandcastle Help File Builder\PresentationStyles\VS2013\icons\privevent.gif -&gt; C:\Users\nguye\Documents\Visual Studio 2015\Projects\XMLHelp\Help\Working\Output\Website\icons\privevent.gif
C:\Program Files (x86)\EWSoftware\Sandcastle Help File Builder\PresentationStyles\VS2013\icons\privextension.gif -&gt; C:\Users\nguye\Documents\Visual Studio 2015\Projects\XMLHelp\Help\Working\Output\Website\icons\privextension.gif
C:\Program Files (x86)\EWSoftware\Sandcastle Help File Builder\PresentationStyles\VS2013\icons\privfield.gif -&gt; C:\Users\nguye\Documents\Visual Studio 2015\Projects\XMLHelp\Help\Working\Output\Website\icons\privfield.gif
C:\Program Files (x86)\EWSoftware\Sandcastle Help File Builder\PresentationStyles\VS2013\icons\privinterface.gif -&gt; C:\Users\nguye\Documents\Visual Studio 2015\Projects\XMLHelp\Help\Working\Output\Website\icons\privinterface.gif
C:\Program Files (x86)\EWSoftware\Sandcastle Help File Builder\PresentationStyles\VS2013\icons\privmethod.gif -&gt; C:\Users\nguye\Documents\Visual Studio 2015\Projects\XMLHelp\Help\Working\Output\Website\icons\privmethod.gif
C:\Program Files (x86)\EWSoftware\Sandcastle Help File Builder\PresentationStyles\VS2013\icons\privproperty.gif -&gt; C:\Users\nguye\Documents\Visual Studio 2015\Projects\XMLHelp\Help\Working\Output\Website\icons\privproperty.gif
C:\Program Files (x86)\EWSoftware\Sandcastle Help File Builder\PresentationStyles\VS2013\icons\privstructure.gif -&gt; C:\Users\nguye\Documents\Visual Studio 2015\Projects\XMLHelp\Help\Working\Output\Website\icons\privstructure.gif
C:\Program Files (x86)\EWSoftware\Sandcastle Help File Builder\PresentationStyles\VS2013\icons\protclass.gif -&gt; C:\Users\nguye\Documents\Visual Studio 2015\Projects\XMLHelp\Help\Working\Output\Website\icons\protclass.gif
C:\Program Files (x86)\EWSoftware\Sandcastle Help File Builder\PresentationStyles\VS2013\icons\protdelegate.gif -&gt; C:\Users\nguye\Documents\Visual Studio 2015\Projects\XMLHelp\Help\Working\Output\Website\icons\protdelegate.gif
C:\Program Files (x86)\EWSoftware\Sandcastle Help File Builder\PresentationStyles\VS2013\icons\protenumeration.gif -&gt; C:\Users\nguye\Documents\Visual Studio 2015\Projects\XMLHelp\Help\Working\Output\Website\icons\protenumeration.gif
C:\Program Files (x86)\EWSoftware\Sandcastle Help File Builder\PresentationStyles\VS2013\icons\protevent.gif -&gt; C:\Users\nguye\Documents\Visual Studio 2015\Projects\XMLHelp\Help\Working\Output\Website\icons\protevent.gif
C:\Program Files (x86)\EWSoftware\Sandcastle Help File Builder\PresentationStyles\VS2013\icons\protextension.gif -&gt; C:\Users\nguye\Documents\Visual Studio 2015\Projects\XMLHelp\Help\Working\Output\Website\icons\protextension.gif
C:\Program Files (x86)\EWSoftware\Sandcastle Help File Builder\PresentationStyles\VS2013\icons\protfield.gif -&gt; C:\Users\nguye\Documents\Visual Studio 2015\Projects\XMLHelp\Help\Working\Output\Website\icons\protfield.gif
C:\Program Files (x86)\EWSoftware\Sandcastle Help File Builder\PresentationStyles\VS2013\icons\protinterface.gif -&gt; C:\Users\nguye\Documents\Visual Studio 2015\Projects\XMLHelp\Help\Working\Output\Website\icons\protinterface.gif
C:\Program Files (x86)\EWSoftware\Sandcastle Help File Builder\PresentationStyles\VS2013\icons\protmethod.gif -&gt; C:\Users\nguye\Documents\Visual Studio 2015\Projects\XMLHelp\Help\Working\Output\Website\icons\protmethod.gif
C:\Program Files (x86)\EWSoftware\Sandcastle Help File Builder\PresentationStyles\VS2013\icons\protoperator.gif -&gt; C:\Users\nguye\Documents\Visual Studio 2015\Projects\XMLHelp\Help\Working\Output\Website\icons\protoperator.gif
C:\Program Files (x86)\EWSoftware\Sandcastle Help File Builder\PresentationStyles\VS2013\icons\protproperty.gif -&gt; C:\Users\nguye\Documents\Visual Studio 2015\Projects\XMLHelp\Help\Working\Output\Website\icons\protproperty.gif
C:\Program Files (x86)\EWSoftware\Sandcastle Help File Builder\PresentationStyles\VS2013\icons\protstructure.gif -&gt; C:\Users\nguye\Documents\Visual Studio 2015\Projects\XMLHelp\Help\Working\Output\Website\icons\protstructure.gif
C:\Program Files (x86)\EWSoftware\Sandcastle Help File Builder\PresentationStyles\VS2013\icons\pubclass.gif -&gt; C:\Users\nguye\Documents\Visual Studio 2015\Projects\XMLHelp\Help\Working\Output\Website\icons\pubclass.gif
C:\Program Files (x86)\EWSoftware\Sandcastle Help File Builder\PresentationStyles\VS2013\icons\pubdelegate.gif -&gt; C:\Users\nguye\Documents\Visual Studio 2015\Projects\XMLHelp\Help\Working\Output\Website\icons\pubdelegate.gif
C:\Program Files (x86)\EWSoftware\Sandcastle Help File Builder\PresentationStyles\VS2013\icons\pubenumeration.gif -&gt; C:\Users\nguye\Documents\Visual Studio 2015\Projects\XMLHelp\Help\Working\Output\Website\icons\pubenumeration.gif
C:\Program Files (x86)\EWSoftware\Sandcastle Help File Builder\PresentationStyles\VS2013\icons\pubevent.gif -&gt; C:\Users\nguye\Documents\Visual Studio 2015\Projects\XMLHelp\Help\Working\Output\Website\icons\pubevent.gif
C:\Program Files (x86)\EWSoftware\Sandcastle Help File Builder\PresentationStyles\VS2013\icons\pubextension.gif -&gt; C:\Users\nguye\Documents\Visual Studio 2015\Projects\XMLHelp\Help\Working\Output\Website\icons\pubextension.gif
C:\Program Files (x86)\EWSoftware\Sandcastle Help File Builder\PresentationStyles\VS2013\icons\pubfield.gif -&gt; C:\Users\nguye\Documents\Visual Studio 2015\Projects\XMLHelp\Help\Working\Output\Website\icons\pubfield.gif
C:\Program Files (x86)\EWSoftware\Sandcastle Help File Builder\PresentationStyles\VS2013\icons\pubinterface.gif -&gt; C:\Users\nguye\Documents\Visual Studio 2015\Projects\XMLHelp\Help\Working\Output\Website\icons\pubinterface.gif
C:\Program Files (x86)\EWSoftware\Sandcastle Help File Builder\PresentationStyles\VS2013\icons\pubmethod.gif -&gt; C:\Users\nguye\Documents\Visual Studio 2015\Projects\XMLHelp\Help\Working\Output\Website\icons\pubmethod.gif
C:\Program Files (x86)\EWSoftware\Sandcastle Help File Builder\PresentationStyles\VS2013\icons\puboperator.gif -&gt; C:\Users\nguye\Documents\Visual Studio 2015\Projects\XMLHelp\Help\Working\Output\Website\icons\puboperator.gif
C:\Program Files (x86)\EWSoftware\Sandcastle Help File Builder\PresentationStyles\VS2013\icons\pubproperty.gif -&gt; C:\Users\nguye\Documents\Visual Studio 2015\Projects\XMLHelp\Help\Working\Output\Website\icons\pubproperty.gif
C:\Program Files (x86)\EWSoftware\Sandcastle Help File Builder\PresentationStyles\VS2013\icons\pubstructure.gif -&gt; C:\Users\nguye\Documents\Visual Studio 2015\Projects\XMLHelp\Help\Working\Output\Website\icons\pubstructure.gif
C:\Program Files (x86)\EWSoftware\Sandcastle Help File Builder\PresentationStyles\VS2013\icons\SectionCollapsed.png -&gt; C:\Users\nguye\Documents\Visual Studio 2015\Projects\XMLHelp\Help\Working\Output\Website\icons\SectionCollapsed.png
C:\Program Files (x86)\EWSoftware\Sandcastle Help File Builder\PresentationStyles\VS2013\icons\SectionExpanded.png -&gt; C:\Users\nguye\Documents\Visual Studio 2015\Projects\XMLHelp\Help\Working\Output\Website\icons\SectionExpanded.png
C:\Program Files (x86)\EWSoftware\Sandcastle Help File Builder\PresentationStyles\VS2013\icons\slMobile.gif -&gt; C:\Users\nguye\Documents\Visual Studio 2015\Projects\XMLHelp\Help\Working\Output\Website\icons\slMobile.gif
C:\Program Files (x86)\EWSoftware\Sandcastle Help File Builder\PresentationStyles\VS2013\icons\static.gif -&gt; C:\Users\nguye\Documents\Visual Studio 2015\Projects\XMLHelp\Help\Working\Output\Website\icons\static.gif
C:\Program Files (x86)\EWSoftware\Sandcastle Help File Builder\PresentationStyles\VS2013\icons\xna.gif -&gt; C:\Users\nguye\Documents\Visual Studio 2015\Projects\XMLHelp\Help\Working\Output\Website\icons\xna.gif
C:\Program Files (x86)\EWSoftware\Sandcastle Help File Builder\PresentationStyles\VS2013\scripts\branding.js -&gt; C:\Users\nguye\Documents\Visual Studio 2015\Projects\XMLHelp\Help\Working\Output\Website\scripts\branding.js
C:\Program Files (x86)\EWSoftware\Sandcastle Help File Builder\PresentationStyles\VS2013\styles\branding-cs-CZ.css -&gt; C:\Users\nguye\Documents\Visual Studio 2015\Projects\XMLHelp\Help\Working\Output\Website\styles\branding-cs-CZ.css
C:\Program Files (x86)\EWSoftware\Sandcastle Help File Builder\PresentationStyles\VS2013\styles\branding-de-DE.css -&gt; C:\Users\nguye\Documents\Visual Studio 2015\Projects\XMLHelp\Help\Working\Output\Website\styles\branding-de-DE.css
C:\Program Files (x86)\EWSoftware\Sandcastle Help File Builder\PresentationStyles\VS2013\styles\branding-en-US.css -&gt; C:\Users\nguye\Documents\Visual Studio 2015\Projects\XMLHelp\Help\Working\Output\Website\styles\branding-en-US.css
C:\Program Files (x86)\EWSoftware\Sandcastle Help File Builder\PresentationStyles\VS2013\styles\branding-es-ES.css -&gt; C:\Users\nguye\Documents\Visual Studio 2015\Projects\XMLHelp\Help\Working\Output\Website\styles\branding-es-ES.css
C:\Program Files (x86)\EWSoftware\Sandcastle Help File Builder\PresentationStyles\VS2013\styles\branding-fr-FR.css -&gt; C:\Users\nguye\Documents\Visual Studio 2015\Projects\XMLHelp\Help\Working\Output\Website\styles\branding-fr-FR.css
C:\Program Files (x86)\EWSoftware\Sandcastle Help File Builder\PresentationStyles\VS2013\styles\branding-Help1.css -&gt; C:\Users\nguye\Documents\Visual Studio 2015\Projects\XMLHelp\Help\Working\Output\Website\styles\branding-Help1.css
C:\Program Files (x86)\EWSoftware\Sandcastle Help File Builder\PresentationStyles\VS2013\styles\branding-HelpViewer.css -&gt; C:\Users\nguye\Documents\Visual Studio 2015\Projects\XMLHelp\Help\Working\Output\Website\styles\branding-HelpViewer.css
C:\Program Files (x86)\EWSoftware\Sandcastle Help File Builder\PresentationStyles\VS2013\styles\branding-it-IT.css -&gt; C:\Users\nguye\Documents\Visual Studio 2015\Projects\XMLHelp\Help\Working\Output\Website\styles\branding-it-IT.css
C:\Program Files (x86)\EWSoftware\Sandcastle Help File Builder\PresentationStyles\VS2013\styles\branding-ja-JP.css -&gt; C:\Users\nguye\Documents\Visual Studio 2015\Projects\XMLHelp\Help\Working\Output\Website\styles\branding-ja-JP.css
C:\Program Files (x86)\EWSoftware\Sandcastle Help File Builder\PresentationStyles\VS2013\styles\branding-ko-KR.css -&gt; C:\Users\nguye\Documents\Visual Studio 2015\Projects\XMLHelp\Help\Working\Output\Website\styles\branding-ko-KR.css
C:\Program Files (x86)\EWSoftware\Sandcastle Help File Builder\PresentationStyles\VS2013\styles\branding-pl-PL.css -&gt; C:\Users\nguye\Documents\Visual Studio 2015\Projects\XMLHelp\Help\Working\Output\Website\styles\branding-pl-PL.css
C:\Program Files (x86)\EWSoftware\Sandcastle Help File Builder\PresentationStyles\VS2013\styles\branding-pt-BR.css -&gt; C:\Users\nguye\Documents\Visual Studio 2015\Projects\XMLHelp\Help\Working\Output\Website\styles\branding-pt-BR.css
C:\Program Files (x86)\EWSoftware\Sandcastle Help File Builder\PresentationStyles\VS2013\styles\branding-ru-RU.css -&gt; C:\Users\nguye\Documents\Visual Studio 2015\Projects\XMLHelp\Help\Working\Output\Website\styles\branding-ru-RU.css
C:\Program Files (x86)\EWSoftware\Sandcastle Help File Builder\PresentationStyles\VS2013\styles\branding-tr-TR.css -&gt; C:\Users\nguye\Documents\Visual Studio 2015\Projects\XMLHelp\Help\Working\Output\Website\styles\branding-tr-TR.css
C:\Program Files (x86)\EWSoftware\Sandcastle Help File Builder\PresentationStyles\VS2013\styles\branding-Website.css -&gt; C:\Users\nguye\Documents\Visual Studio 2015\Projects\XMLHelp\Help\Working\Output\Website\styles\branding-Website.css
C:\Program Files (x86)\EWSoftware\Sandcastle Help File Builder\PresentationStyles\VS2013\styles\branding-zh-CN.css -&gt; C:\Users\nguye\Documents\Visual Studio 2015\Projects\XMLHelp\Help\Working\Output\Website\styles\branding-zh-CN.css
C:\Program Files (x86)\EWSoftware\Sandcastle Help File Builder\PresentationStyles\VS2013\styles\branding-zh-TW.css -&gt; C:\Users\nguye\Documents\Visual Studio 2015\Projects\XMLHelp\Help\Working\Output\Website\styles\branding-zh-TW.css
C:\Program Files (x86)\EWSoftware\Sandcastle Help File Builder\PresentationStyles\VS2013\styles\branding.css -&gt; C:\Users\nguye\Documents\Visual Studio 2015\Projects\XMLHelp\Help\Working\Output\Website\styles\branding.css
C:\Program Files (x86)\EWSoftware\Sandcastle Help File Builder\PresentationStyles\VS2013\Web\index.html -&gt; C:\Users\nguye\Documents\Visual Studio 2015\Projects\XMLHelp\Help\Working\Output\Website\index.html
C:\Program Files (x86)\EWSoftware\Sandcastle Help File Builder\PresentationStyles\VS2013\Web\search.html -&gt; C:\Users\nguye\Documents\Visual Studio 2015\Projects\XMLHelp\Help\Working\Output\Website\search.html
C:\Program Files (x86)\EWSoftware\Sandcastle Help File Builder\PresentationStyles\VS2013\Web\SearchHelp.aspx -&gt; C:\Users\nguye\Documents\Visual Studio 2015\Projects\XMLHelp\Help\Working\Output\Website\SearchHelp.aspx
C:\Program Files (x86)\EWSoftware\Sandcastle Help File Builder\PresentationStyles\VS2013\Web\SearchHelp.inc.php -&gt; C:\Users\nguye\Documents\Visual Studio 2015\Projects\XMLHelp\Help\Working\Output\Website\SearchHelp.inc.php
C:\Program Files (x86)\EWSoftware\Sandcastle Help File Builder\PresentationStyles\VS2013\Web\SearchHelp.php -&gt; C:\Users\nguye\Documents\Visual Studio 2015\Projects\XMLHelp\Help\Working\Output\Website\SearchHelp.php
C:\Program Files (x86)\EWSoftware\Sandcastle Help File Builder\PresentationStyles\VS2013\Web\Web.Config -&gt; C:\Users\nguye\Documents\Visual Studio 2015\Projects\XMLHelp\Help\Working\Output\Website\Web.Config
C:\Program Files (x86)\EWSoftware\Sandcastle Help File Builder\PresentationStyles\VS2013\Web\icons\Search.png -&gt; C:\Users\nguye\Documents\Visual Studio 2015\Projects\XMLHelp\Help\Working\Output\Website\icons\Search.png
C:\Program Files (x86)\EWSoftware\Sandcastle Help File Builder\PresentationStyles\VS2013\Web\icons\TocClose.gif -&gt; C:\Users\nguye\Documents\Visual Studio 2015\Projects\XMLHelp\Help\Working\Output\Website\icons\TocClose.gif
C:\Program Files (x86)\EWSoftware\Sandcastle Help File Builder\PresentationStyles\VS2013\Web\icons\TocCollapsed.gif -&gt; C:\Users\nguye\Documents\Visual Studio 2015\Projects\XMLHelp\Help\Working\Output\Website\icons\TocCollapsed.gif
C:\Program Files (x86)\EWSoftware\Sandcastle Help File Builder\PresentationStyles\VS2013\Web\icons\TocExpanded.gif -&gt; C:\Users\nguye\Documents\Visual Studio 2015\Projects\XMLHelp\Help\Working\Output\Website\icons\TocExpanded.gif
C:\Program Files (x86)\EWSoftware\Sandcastle Help File Builder\PresentationStyles\VS2013\Web\icons\TocOpen.gif -&gt; C:\Users\nguye\Documents\Visual Studio 2015\Projects\XMLHelp\Help\Working\Output\Website\icons\TocOpen.gif
C:\Program Files (x86)\EWSoftware\Sandcastle Help File Builder\PresentationStyles\VS2013\Web\scripts\branding-Website.js -&gt; C:\Users\nguye\Documents\Visual Studio 2015\Projects\XMLHelp\Help\Working\Output\Website\scripts\branding-Website.js
C:\Program Files (x86)\EWSoftware\Sandcastle Help File Builder\PresentationStyles\VS2013\Web\scripts\jquery-1.11.0.min.js -&gt; C:\Users\nguye\Documents\Visual Studio 2015\Projects\XMLHelp\Help\Working\Output\Website\scripts\jquery-1.11.0.min.js
    Last step completed in 00:00:00.1562
</buildStep>
<buildStep step="GenerateHelpFormatTableOfContents">
Generating website table of contents file...
    Last step completed in 00:00:00.0000
</buildStep>
<buildStep step="GenerateFullTextIndex">
Generating full-text index for the website...

<plugIn name="Lightweight Website Style" behavior="After" priority="1000">
Adding lightweight search and TOC elements to each topic...
</plugIn>    Last step completed in 00:00:05.2344
</buildStep>
<buildStep step="CopyingWebsiteFiles">
Copying website files to output folder...

Copied 500 files
Copied 1000 files
Copied 1500 files
Copied 2000 files
Copied 2255 files for the website content
    Last step completed in 00:00:03.3281
</buildStep>
<buildStep step="CleanIntermediates">
Removing intermediate files...
    Last step completed in 00:00:01.0469
</buildStep>
<buildStep step="Completed">

Build completed successfully at 6/16/2016 1:47:02 PM.  Total time: 00:00:44.8751

</buildStep>
</shfbBuild>
